VERSIONS Table exists

PL/SQL procedure successfully completed.


FILENAME
--------------------------------------------------------------------------------
hr__1_insert_table_ft_201710311032465850.sql
hr__4_insert_table_ft_2017103111032465850.sql
hr__34_insert_table_test_hr_201710241516560270.sql
hr__100_insert_table_test_hr_201710251532399100.sql
hr__201_insert_table_test_hr_201710251530297260.sql
hr__create_table_FT_201710271032152330.sql
hr__insert_table_ft_201710271032465850.sql
hr__insert_table_test_hr_201710251530297260.sql
hr__insert_table_test_hr_201710251532399100.sql
hr__insert_table_ft_201710311032465850.sql
hR__CREATE_TABLE_TEST_HR_201710231559444550.sql

FILENAME
--------------------------------------------------------------------------------
SCOTT__CREATE_TABLE_TEST_201710231557414030.sql
hr__insert_table_ft_2017103111032465850.sql
hR__CREATE_TABLE_T_201710231559444550.sql
hr__insert_table_test_hr_201710241516560270.sql

15 rows selected.

